\BOOKMARK [1][-]{section.1}{\376\377\000I\000n\000t\000r\000o\000d\000u\000c\000t\000i\000o\000n}{}% 1
\BOOKMARK [2][-]{subsection.1.1}{\376\377\000P\000r\000o\000j\000e\000c\000t\000\040\000O\000b\000j\000e\000c\000t\000i\000v\000e}{section.1}% 2
\BOOKMARK [2][-]{subsection.1.2}{\376\377\000S\000c\000o\000p\000e\000\040\000o\000f\000\040\000t\000h\000e\000\040\000D\000o\000c\000u\000m\000e\000n\000t}{section.1}% 3
\BOOKMARK [2][-]{subsection.1.3}{\376\377\000R\000e\000l\000e\000a\000s\000e\000\040\000P\000h\000a\000s\000i\000n\000g}{section.1}% 4
\BOOKMARK [1][-]{section.2}{\376\377\000S\000y\000s\000t\000e\000m\000\040\000A\000r\000c\000h\000i\000t\000e\000c\000t\000u\000r\000e}{}% 5
\BOOKMARK [2][-]{subsection.2.1}{\376\377\000A\000r\000c\000h\000i\000t\000e\000c\000t\000u\000r\000a\000l\000\040\000C\000o\000m\000p\000o\000n\000e\000n\000t\000s}{section.2}% 6
\BOOKMARK [2][-]{subsection.2.2}{\376\377\000S\000y\000s\000t\000e\000m\000\040\000A\000r\000c\000h\000i\000t\000e\000c\000t\000u\000r\000e\000\040\000D\000i\000a\000g\000r\000a\000m}{section.2}% 7
\BOOKMARK [1][-]{section.3}{\376\377\000W\000e\000b\000R\000T\000C\000\040\000S\000i\000g\000n\000a\000l\000i\000n\000g\000\040\000\046\000\040\000C\000o\000n\000n\000e\000c\000t\000i\000o\000n\000\040\000F\000l\000o\000w}{}% 8
\BOOKMARK [2][-]{subsection.3.1}{\376\377\000S\000i\000g\000n\000a\000l\000i\000n\000g\000\040\000S\000e\000q\000u\000e\000n\000c\000e}{section.3}% 9
\BOOKMARK [2][-]{subsection.3.2}{\376\377\000S\000i\000g\000n\000a\000l\000i\000n\000g\000\040\000S\000e\000q\000u\000e\000n\000c\000e\000\040\000D\000i\000a\000g\000r\000a\000m}{section.3}% 10
\BOOKMARK [1][-]{section.4}{\376\377\000D\000a\000t\000a\000\040\000M\000o\000d\000e\000l\000\040\000\046\000\040\000D\000a\000t\000a\000b\000a\000s\000e\000\040\000D\000e\000s\000i\000g\000n}{}% 11
\BOOKMARK [2][-]{subsection.4.1}{\376\377\000E\000n\000t\000i\000t\000y\000-\000R\000e\000l\000a\000t\000i\000o\000n\000s\000h\000i\000p\000\040\000M\000o\000d\000e\000l\000\040\000\050\000C\000o\000n\000c\000e\000p\000t\000u\000a\000l\000\051}{section.4}% 12
\BOOKMARK [2][-]{subsection.4.2}{\376\377\000D\000a\000t\000a\000b\000a\000s\000e\000\040\000S\000c\000h\000e\000m\000a\000\040\000D\000e\000f\000i\000n\000i\000t\000i\000o\000n\000s}{section.4}% 13
\BOOKMARK [3][-]{subsubsection.4.2.1}{\376\377\000U\000s\000e\000r\000s\000\040\000T\000a\000b\000l\000e}{subsection.4.2}% 14
\BOOKMARK [3][-]{subsubsection.4.2.2}{\376\377\000M\000e\000e\000t\000i\000n\000g\000s\000\040\000T\000a\000b\000l\000e}{subsection.4.2}% 15
\BOOKMARK [3][-]{subsubsection.4.2.3}{\376\377\000M\000e\000e\000t\000i\000n\000g\000\137\000P\000a\000r\000t\000i\000c\000i\000p\000a\000n\000t\000s\000\040\000T\000a\000b\000l\000e}{subsection.4.2}% 16
\BOOKMARK [1][-]{section.5}{\376\377\000A\000P\000I\000\040\000\046\000\040\000W\000e\000b\000S\000o\000c\000k\000e\000t\000\040\000I\000n\000t\000e\000r\000f\000a\000c\000e\000\040\000S\000p\000e\000c\000i\000f\000i\000c\000a\000t\000i\000o\000n\000s}{}% 17
\BOOKMARK [2][-]{subsection.5.1}{\376\377\000R\000E\000S\000T\000f\000u\000l\000\040\000W\000e\000b\000\040\000A\000P\000I\000s}{section.5}% 18
\BOOKMARK [3][-]{subsubsection.5.1.1}{\376\377\000U\000s\000e\000r\000\040\000R\000e\000g\000i\000s\000t\000r\000a\000t\000i\000o\000n}{subsection.5.1}% 19
\BOOKMARK [3][-]{subsubsection.5.1.2}{\376\377\000U\000s\000e\000r\000\040\000L\000o\000g\000i\000n}{subsection.5.1}% 20
\BOOKMARK [3][-]{subsubsection.5.1.3}{\376\377\000C\000r\000e\000a\000t\000e\000\040\000M\000e\000e\000t\000i\000n\000g}{subsection.5.1}% 21
\BOOKMARK [2][-]{subsection.5.2}{\376\377\000W\000e\000b\000S\000o\000c\000k\000e\000t\000\040\000S\000i\000g\000n\000a\000l\000i\000n\000g\000\040\000E\000v\000e\000n\000t\000s}{section.5}% 22
\BOOKMARK [1][-]{section.6}{\376\377\000S\000e\000c\000u\000r\000i\000t\000y\000,\000\040\000P\000e\000r\000f\000o\000r\000m\000a\000n\000c\000e\000\040\000\046\000\040\000R\000e\000l\000i\000a\000b\000i\000l\000i\000t\000y}{}% 23
\BOOKMARK [2][-]{subsection.6.1}{\376\377\000S\000e\000c\000u\000r\000i\000t\000y\000\040\000E\000n\000g\000i\000n\000e\000e\000r\000i\000n\000g}{section.6}% 24
\BOOKMARK [2][-]{subsection.6.2}{\376\377\000P\000e\000r\000f\000o\000r\000m\000a\000n\000c\000e\000\040\000G\000o\000a\000l\000s}{section.6}% 25
\BOOKMARK [2][-]{subsection.6.3}{\376\377\000R\000e\000l\000i\000a\000b\000i\000l\000i\000t\000y\000\040\000a\000n\000d\000\040\000F\000a\000u\000l\000t\000\040\000T\000o\000l\000e\000r\000a\000n\000c\000e}{section.6}% 26
\BOOKMARK [1][-]{section.7}{\376\377\000U\000s\000e\000r\000\040\000I\000n\000t\000e\000r\000f\000a\000c\000e\000\040\000\046\000\040\000M\000e\000e\000t\000i\000n\000g\000\040\000L\000a\000y\000o\000u\000t}{}% 27
\BOOKMARK [2][-]{subsection.7.1}{\376\377\000U\000I\000\040\000P\000a\000g\000e\000s\000\040\000M\000a\000p}{section.7}% 28
\BOOKMARK [2][-]{subsection.7.2}{\376\377\000M\000e\000e\000t\000i\000n\000g\000\040\000R\000o\000o\000m\000\040\000D\000e\000s\000i\000g\000n\000\040\000G\000r\000i\000d\000\040\000L\000a\000y\000o\000u\000t}{section.7}% 29
